[2023-04-29T21:07:59.405+0000] {processor.py:153} INFO - Started process (PID=28) to work on /opt/airflow/dags/ETL.py
[2023-04-29T21:07:59.407+0000] {processor.py:743} INFO - Processing file /opt/airflow/dags/ETL.py for tasks to queue
[2023-04-29T21:07:59.408+0000] {logging_mixin.py:137} INFO - [2023-04-29T21:07:59.408+0000] {dagbag.py:538} INFO - Filling up the DagBag from /opt/airflow/dags/ETL.py
[2023-04-29T21:08:03.147+0000] {processor.py:753} INFO - DAG(s) dict_keys(['ETL']) retrieved from /opt/airflow/dags/ETL.py
[2023-04-29T21:08:03.502+0000] {logging_mixin.py:137} INFO - [2023-04-29T21:08:03.502+0000] {manager.py:504} INFO - Created Permission View: can read on DAG:ETL
[2023-04-29T21:08:03.523+0000] {logging_mixin.py:137} INFO - [2023-04-29T21:08:03.523+0000] {manager.py:504} INFO - Created Permission View: can delete on DAG:ETL
[2023-04-29T21:08:03.540+0000] {logging_mixin.py:137} INFO - [2023-04-29T21:08:03.540+0000] {manager.py:504} INFO - Created Permission View: can edit on DAG:ETL
[2023-04-29T21:08:03.541+0000] {logging_mixin.py:137} INFO - [2023-04-29T21:08:03.541+0000] {dag.py:2676} INFO - Sync 1 DAGs
[2023-04-29T21:08:03.564+0000] {logging_mixin.py:137} INFO - [2023-04-29T21:08:03.563+0000] {dag.py:2697} INFO - Creating ORM DAG for ETL
[2023-04-29T21:08:03.589+0000] {logging_mixin.py:137} INFO - [2023-04-29T21:08:03.588+0000] {dag.py:3423} INFO - Setting next_dagrun for ETL to 2023-04-30T00:00:00+00:00, run_after=2023-05-01T00:00:00+00:00
[2023-04-29T21:08:03.635+0000] {processor.py:175} INFO - Processing /opt/airflow/dags/ETL.py took 4.233 seconds
[2023-04-29T21:08:33.827+0000] {processor.py:153} INFO - Started process (PID=30) to work on /opt/airflow/dags/ETL.py
[2023-04-29T21:08:33.829+0000] {processor.py:743} INFO - Processing file /opt/airflow/dags/ETL.py for tasks to queue
[2023-04-29T21:08:33.830+0000] {logging_mixin.py:137} INFO - [2023-04-29T21:08:33.830+0000] {dagbag.py:538} INFO - Filling up the DagBag from /opt/airflow/dags/ETL.py
[2023-04-29T21:08:34.284+0000] {processor.py:753} INFO - DAG(s) dict_keys(['ETL']) retrieved from /opt/airflow/dags/ETL.py
[2023-04-29T21:08:34.309+0000] {logging_mixin.py:137} INFO - [2023-04-29T21:08:34.309+0000] {dag.py:2676} INFO - Sync 1 DAGs
[2023-04-29T21:08:34.336+0000] {logging_mixin.py:137} INFO - [2023-04-29T21:08:34.335+0000] {dag.py:3423} INFO - Setting next_dagrun for ETL to 2023-04-30T00:00:00+00:00, run_after=2023-05-01T00:00:00+00:00
[2023-04-29T21:08:34.363+0000] {processor.py:175} INFO - Processing /opt/airflow/dags/ETL.py took 0.540 seconds
[2023-04-29T21:09:04.588+0000] {processor.py:153} INFO - Started process (PID=32) to work on /opt/airflow/dags/ETL.py
[2023-04-29T21:09:04.590+0000] {processor.py:743} INFO - Processing file /opt/airflow/dags/ETL.py for tasks to queue
[2023-04-29T21:09:04.591+0000] {logging_mixin.py:137} INFO - [2023-04-29T21:09:04.591+0000] {dagbag.py:538} INFO - Filling up the DagBag from /opt/airflow/dags/ETL.py
[2023-04-29T21:09:05.036+0000] {processor.py:753} INFO - DAG(s) dict_keys(['ETL']) retrieved from /opt/airflow/dags/ETL.py
[2023-04-29T21:09:05.071+0000] {logging_mixin.py:137} INFO - [2023-04-29T21:09:05.070+0000] {dag.py:2676} INFO - Sync 1 DAGs
[2023-04-29T21:09:05.093+0000] {logging_mixin.py:137} INFO - [2023-04-29T21:09:05.093+0000] {dag.py:3423} INFO - Setting next_dagrun for ETL to 2023-04-30T00:00:00+00:00, run_after=2023-05-01T00:00:00+00:00
[2023-04-29T21:09:05.120+0000] {processor.py:175} INFO - Processing /opt/airflow/dags/ETL.py took 0.536 seconds
[2023-04-29T21:10:00.546+0000] {processor.py:153} INFO - Started process (PID=22) to work on /opt/airflow/dags/ETL.py
[2023-04-29T21:10:00.547+0000] {processor.py:743} INFO - Processing file /opt/airflow/dags/ETL.py for tasks to queue
[2023-04-29T21:10:00.550+0000] {logging_mixin.py:137} INFO - [2023-04-29T21:10:00.548+0000] {dagbag.py:538} INFO - Filling up the DagBag from /opt/airflow/dags/ETL.py
[2023-04-29T21:10:01.664+0000] {processor.py:753} INFO - DAG(s) dict_keys(['ETL']) retrieved from /opt/airflow/dags/ETL.py
[2023-04-29T21:10:01.743+0000] {logging_mixin.py:137} INFO - [2023-04-29T21:10:01.737+0000] {dag.py:2676} INFO - Sync 1 DAGs
[2023-04-29T21:10:01.803+0000] {logging_mixin.py:137} INFO - [2023-04-29T21:10:01.803+0000] {dag.py:3423} INFO - Setting next_dagrun for ETL to 2023-04-30T00:00:00+00:00, run_after=2023-05-01T00:00:00+00:00
[2023-04-29T21:10:01.853+0000] {processor.py:175} INFO - Processing /opt/airflow/dags/ETL.py took 1.316 seconds
[2023-04-29T21:10:32.070+0000] {processor.py:153} INFO - Started process (PID=24) to work on /opt/airflow/dags/ETL.py
[2023-04-29T21:10:32.072+0000] {processor.py:743} INFO - Processing file /opt/airflow/dags/ETL.py for tasks to queue
[2023-04-29T21:10:32.073+0000] {logging_mixin.py:137} INFO - [2023-04-29T21:10:32.073+0000] {dagbag.py:538} INFO - Filling up the DagBag from /opt/airflow/dags/ETL.py
[2023-04-29T21:10:32.519+0000] {processor.py:753} INFO - DAG(s) dict_keys(['ETL']) retrieved from /opt/airflow/dags/ETL.py
[2023-04-29T21:10:32.545+0000] {logging_mixin.py:137} INFO - [2023-04-29T21:10:32.544+0000] {dag.py:2676} INFO - Sync 1 DAGs
[2023-04-29T21:10:32.569+0000] {logging_mixin.py:137} INFO - [2023-04-29T21:10:32.569+0000] {dag.py:3423} INFO - Setting next_dagrun for ETL to 2023-04-30T00:00:00+00:00, run_after=2023-05-01T00:00:00+00:00
[2023-04-29T21:10:32.596+0000] {processor.py:175} INFO - Processing /opt/airflow/dags/ETL.py took 0.530 seconds
[2023-04-29T21:11:02.813+0000] {processor.py:153} INFO - Started process (PID=26) to work on /opt/airflow/dags/ETL.py
[2023-04-29T21:11:02.815+0000] {processor.py:743} INFO - Processing file /opt/airflow/dags/ETL.py for tasks to queue
[2023-04-29T21:11:02.816+0000] {logging_mixin.py:137} INFO - [2023-04-29T21:11:02.816+0000] {dagbag.py:538} INFO - Filling up the DagBag from /opt/airflow/dags/ETL.py
[2023-04-29T21:11:03.277+0000] {processor.py:753} INFO - DAG(s) dict_keys(['ETL']) retrieved from /opt/airflow/dags/ETL.py
[2023-04-29T21:11:03.313+0000] {logging_mixin.py:137} INFO - [2023-04-29T21:11:03.312+0000] {dag.py:2676} INFO - Sync 1 DAGs
[2023-04-29T21:11:03.335+0000] {logging_mixin.py:137} INFO - [2023-04-29T21:11:03.335+0000] {dag.py:3423} INFO - Setting next_dagrun for ETL to 2023-04-30T00:00:00+00:00, run_after=2023-05-01T00:00:00+00:00
[2023-04-29T21:11:03.372+0000] {processor.py:175} INFO - Processing /opt/airflow/dags/ETL.py took 0.563 seconds
[2023-04-29T21:11:33.598+0000] {processor.py:153} INFO - Started process (PID=28) to work on /opt/airflow/dags/ETL.py
[2023-04-29T21:11:33.600+0000] {processor.py:743} INFO - Processing file /opt/airflow/dags/ETL.py for tasks to queue
[2023-04-29T21:11:33.602+0000] {logging_mixin.py:137} INFO - [2023-04-29T21:11:33.602+0000] {dagbag.py:538} INFO - Filling up the DagBag from /opt/airflow/dags/ETL.py
[2023-04-29T21:11:34.028+0000] {processor.py:753} INFO - DAG(s) dict_keys(['ETL']) retrieved from /opt/airflow/dags/ETL.py
[2023-04-29T21:11:34.064+0000] {logging_mixin.py:137} INFO - [2023-04-29T21:11:34.064+0000] {dag.py:2676} INFO - Sync 1 DAGs
[2023-04-29T21:11:34.086+0000] {logging_mixin.py:137} INFO - [2023-04-29T21:11:34.086+0000] {dag.py:3423} INFO - Setting next_dagrun for ETL to 2023-04-30T00:00:00+00:00, run_after=2023-05-01T00:00:00+00:00
[2023-04-29T21:11:34.111+0000] {processor.py:175} INFO - Processing /opt/airflow/dags/ETL.py took 0.517 seconds
[2023-04-29T21:12:04.343+0000] {processor.py:153} INFO - Started process (PID=30) to work on /opt/airflow/dags/ETL.py
[2023-04-29T21:12:04.344+0000] {processor.py:743} INFO - Processing file /opt/airflow/dags/ETL.py for tasks to queue
[2023-04-29T21:12:04.346+0000] {logging_mixin.py:137} INFO - [2023-04-29T21:12:04.346+0000] {dagbag.py:538} INFO - Filling up the DagBag from /opt/airflow/dags/ETL.py
[2023-04-29T21:12:04.803+0000] {processor.py:753} INFO - DAG(s) dict_keys(['ETL']) retrieved from /opt/airflow/dags/ETL.py
[2023-04-29T21:12:04.838+0000] {logging_mixin.py:137} INFO - [2023-04-29T21:12:04.838+0000] {dag.py:2676} INFO - Sync 1 DAGs
[2023-04-29T21:12:04.862+0000] {logging_mixin.py:137} INFO - [2023-04-29T21:12:04.862+0000] {dag.py:3423} INFO - Setting next_dagrun for ETL to 2023-04-30T00:00:00+00:00, run_after=2023-05-01T00:00:00+00:00
[2023-04-29T21:12:04.890+0000] {processor.py:175} INFO - Processing /opt/airflow/dags/ETL.py took 0.551 seconds
[2023-04-29T21:12:35.094+0000] {processor.py:153} INFO - Started process (PID=32) to work on /opt/airflow/dags/ETL.py
[2023-04-29T21:12:35.096+0000] {processor.py:743} INFO - Processing file /opt/airflow/dags/ETL.py for tasks to queue
[2023-04-29T21:12:35.097+0000] {logging_mixin.py:137} INFO - [2023-04-29T21:12:35.097+0000] {dagbag.py:538} INFO - Filling up the DagBag from /opt/airflow/dags/ETL.py
[2023-04-29T21:12:35.529+0000] {processor.py:753} INFO - DAG(s) dict_keys(['ETL']) retrieved from /opt/airflow/dags/ETL.py
[2023-04-29T21:12:35.565+0000] {logging_mixin.py:137} INFO - [2023-04-29T21:12:35.564+0000] {dag.py:2676} INFO - Sync 1 DAGs
[2023-04-29T21:12:35.599+0000] {logging_mixin.py:137} INFO - [2023-04-29T21:12:35.599+0000] {dag.py:3423} INFO - Setting next_dagrun for ETL to 2023-04-30T00:00:00+00:00, run_after=2023-05-01T00:00:00+00:00
[2023-04-29T21:12:35.627+0000] {processor.py:175} INFO - Processing /opt/airflow/dags/ETL.py took 0.537 seconds
[2023-04-29T21:13:05.874+0000] {processor.py:153} INFO - Started process (PID=34) to work on /opt/airflow/dags/ETL.py
[2023-04-29T21:13:05.876+0000] {processor.py:743} INFO - Processing file /opt/airflow/dags/ETL.py for tasks to queue
[2023-04-29T21:13:05.878+0000] {logging_mixin.py:137} INFO - [2023-04-29T21:13:05.878+0000] {dagbag.py:538} INFO - Filling up the DagBag from /opt/airflow/dags/ETL.py
[2023-04-29T21:13:06.311+0000] {processor.py:753} INFO - DAG(s) dict_keys(['ETL']) retrieved from /opt/airflow/dags/ETL.py
[2023-04-29T21:13:06.347+0000] {logging_mixin.py:137} INFO - [2023-04-29T21:13:06.347+0000] {dag.py:2676} INFO - Sync 1 DAGs
[2023-04-29T21:13:06.371+0000] {logging_mixin.py:137} INFO - [2023-04-29T21:13:06.371+0000] {dag.py:3423} INFO - Setting next_dagrun for ETL to 2023-04-30T00:00:00+00:00, run_after=2023-05-01T00:00:00+00:00
[2023-04-29T21:13:06.742+0000] {processor.py:175} INFO - Processing /opt/airflow/dags/ETL.py took 0.872 seconds
[2023-04-29T21:13:36.982+0000] {processor.py:153} INFO - Started process (PID=36) to work on /opt/airflow/dags/ETL.py
[2023-04-29T21:13:36.984+0000] {processor.py:743} INFO - Processing file /opt/airflow/dags/ETL.py for tasks to queue
[2023-04-29T21:13:36.985+0000] {logging_mixin.py:137} INFO - [2023-04-29T21:13:36.985+0000] {dagbag.py:538} INFO - Filling up the DagBag from /opt/airflow/dags/ETL.py
[2023-04-29T21:13:37.447+0000] {processor.py:753} INFO - DAG(s) dict_keys(['ETL']) retrieved from /opt/airflow/dags/ETL.py
[2023-04-29T21:13:37.483+0000] {logging_mixin.py:137} INFO - [2023-04-29T21:13:37.482+0000] {dag.py:2676} INFO - Sync 1 DAGs
[2023-04-29T21:13:37.507+0000] {logging_mixin.py:137} INFO - [2023-04-29T21:13:37.506+0000] {dag.py:3423} INFO - Setting next_dagrun for ETL to 2023-04-30T00:00:00+00:00, run_after=2023-05-01T00:00:00+00:00
[2023-04-29T21:13:37.532+0000] {processor.py:175} INFO - Processing /opt/airflow/dags/ETL.py took 0.555 seconds
[2023-04-29T21:14:07.644+0000] {processor.py:153} INFO - Started process (PID=38) to work on /opt/airflow/dags/ETL.py
[2023-04-29T21:14:07.645+0000] {processor.py:743} INFO - Processing file /opt/airflow/dags/ETL.py for tasks to queue
[2023-04-29T21:14:07.649+0000] {logging_mixin.py:137} INFO - [2023-04-29T21:14:07.649+0000] {dagbag.py:538} INFO - Filling up the DagBag from /opt/airflow/dags/ETL.py
[2023-04-29T21:14:08.095+0000] {processor.py:753} INFO - DAG(s) dict_keys(['ETL']) retrieved from /opt/airflow/dags/ETL.py
[2023-04-29T21:14:08.130+0000] {logging_mixin.py:137} INFO - [2023-04-29T21:14:08.130+0000] {dag.py:2676} INFO - Sync 1 DAGs
[2023-04-29T21:14:08.153+0000] {logging_mixin.py:137} INFO - [2023-04-29T21:14:08.153+0000] {dag.py:3423} INFO - Setting next_dagrun for ETL to 2023-04-30T00:00:00+00:00, run_after=2023-05-01T00:00:00+00:00
[2023-04-29T21:14:08.178+0000] {processor.py:175} INFO - Processing /opt/airflow/dags/ETL.py took 0.538 seconds
[2023-04-29T21:24:58.030+0000] {processor.py:153} INFO - Started process (PID=22) to work on /opt/airflow/dags/ETL.py
[2023-04-29T21:24:58.032+0000] {processor.py:743} INFO - Processing file /opt/airflow/dags/ETL.py for tasks to queue
[2023-04-29T21:24:58.033+0000] {logging_mixin.py:137} INFO - [2023-04-29T21:24:58.033+0000] {dagbag.py:538} INFO - Filling up the DagBag from /opt/airflow/dags/ETL.py
[2023-04-29T21:24:58.564+0000] {processor.py:753} INFO - DAG(s) dict_keys(['ETL']) retrieved from /opt/airflow/dags/ETL.py
[2023-04-29T21:24:58.633+0000] {logging_mixin.py:137} INFO - [2023-04-29T21:24:58.632+0000] {dag.py:2676} INFO - Sync 1 DAGs
[2023-04-29T21:24:58.658+0000] {logging_mixin.py:137} INFO - [2023-04-29T21:24:58.657+0000] {dag.py:3423} INFO - Setting next_dagrun for ETL to 2023-04-30T00:00:00+00:00, run_after=2023-05-01T00:00:00+00:00
[2023-04-29T21:24:58.690+0000] {processor.py:175} INFO - Processing /opt/airflow/dags/ETL.py took 0.665 seconds
[2023-04-29T21:25:28.926+0000] {processor.py:153} INFO - Started process (PID=24) to work on /opt/airflow/dags/ETL.py
[2023-04-29T21:25:28.928+0000] {processor.py:743} INFO - Processing file /opt/airflow/dags/ETL.py for tasks to queue
[2023-04-29T21:25:28.930+0000] {logging_mixin.py:137} INFO - [2023-04-29T21:25:28.929+0000] {dagbag.py:538} INFO - Filling up the DagBag from /opt/airflow/dags/ETL.py
[2023-04-29T21:25:29.376+0000] {processor.py:753} INFO - DAG(s) dict_keys(['ETL']) retrieved from /opt/airflow/dags/ETL.py
[2023-04-29T21:25:29.417+0000] {logging_mixin.py:137} INFO - [2023-04-29T21:25:29.416+0000] {dag.py:2676} INFO - Sync 1 DAGs
[2023-04-29T21:25:29.440+0000] {logging_mixin.py:137} INFO - [2023-04-29T21:25:29.440+0000] {dag.py:3423} INFO - Setting next_dagrun for ETL to 2023-04-30T00:00:00+00:00, run_after=2023-05-01T00:00:00+00:00
[2023-04-29T21:25:29.464+0000] {processor.py:175} INFO - Processing /opt/airflow/dags/ETL.py took 0.542 seconds
[2023-04-29T21:25:59.679+0000] {processor.py:153} INFO - Started process (PID=26) to work on /opt/airflow/dags/ETL.py
[2023-04-29T21:25:59.681+0000] {processor.py:743} INFO - Processing file /opt/airflow/dags/ETL.py for tasks to queue
[2023-04-29T21:25:59.684+0000] {logging_mixin.py:137} INFO - [2023-04-29T21:25:59.683+0000] {dagbag.py:538} INFO - Filling up the DagBag from /opt/airflow/dags/ETL.py
[2023-04-29T21:26:00.188+0000] {processor.py:753} INFO - DAG(s) dict_keys(['ETL']) retrieved from /opt/airflow/dags/ETL.py
[2023-04-29T21:26:00.226+0000] {logging_mixin.py:137} INFO - [2023-04-29T21:26:00.225+0000] {dag.py:2676} INFO - Sync 1 DAGs
[2023-04-29T21:26:00.248+0000] {logging_mixin.py:137} INFO - [2023-04-29T21:26:00.248+0000] {dag.py:3423} INFO - Setting next_dagrun for ETL to 2023-04-30T00:00:00+00:00, run_after=2023-05-01T00:00:00+00:00
[2023-04-29T21:26:00.276+0000] {processor.py:175} INFO - Processing /opt/airflow/dags/ETL.py took 0.601 seconds
[2023-04-29T21:26:30.530+0000] {processor.py:153} INFO - Started process (PID=28) to work on /opt/airflow/dags/ETL.py
[2023-04-29T21:26:30.532+0000] {processor.py:743} INFO - Processing file /opt/airflow/dags/ETL.py for tasks to queue
[2023-04-29T21:26:30.533+0000] {logging_mixin.py:137} INFO - [2023-04-29T21:26:30.533+0000] {dagbag.py:538} INFO - Filling up the DagBag from /opt/airflow/dags/ETL.py
[2023-04-29T21:26:30.978+0000] {processor.py:753} INFO - DAG(s) dict_keys(['ETL']) retrieved from /opt/airflow/dags/ETL.py
[2023-04-29T21:26:31.014+0000] {logging_mixin.py:137} INFO - [2023-04-29T21:26:31.014+0000] {dag.py:2676} INFO - Sync 1 DAGs
[2023-04-29T21:26:31.037+0000] {logging_mixin.py:137} INFO - [2023-04-29T21:26:31.037+0000] {dag.py:3423} INFO - Setting next_dagrun for ETL to 2023-04-30T00:00:00+00:00, run_after=2023-05-01T00:00:00+00:00
[2023-04-29T21:26:31.061+0000] {processor.py:175} INFO - Processing /opt/airflow/dags/ETL.py took 0.536 seconds
[2023-04-29T21:27:01.254+0000] {processor.py:153} INFO - Started process (PID=30) to work on /opt/airflow/dags/ETL.py
[2023-04-29T21:27:01.256+0000] {processor.py:743} INFO - Processing file /opt/airflow/dags/ETL.py for tasks to queue
[2023-04-29T21:27:01.257+0000] {logging_mixin.py:137} INFO - [2023-04-29T21:27:01.257+0000] {dagbag.py:538} INFO - Filling up the DagBag from /opt/airflow/dags/ETL.py
[2023-04-29T21:27:01.695+0000] {processor.py:753} INFO - DAG(s) dict_keys(['ETL']) retrieved from /opt/airflow/dags/ETL.py
[2023-04-29T21:27:01.730+0000] {logging_mixin.py:137} INFO - [2023-04-29T21:27:01.730+0000] {dag.py:2676} INFO - Sync 1 DAGs
[2023-04-29T21:27:01.754+0000] {logging_mixin.py:137} INFO - [2023-04-29T21:27:01.754+0000] {dag.py:3423} INFO - Setting next_dagrun for ETL to 2023-04-30T00:00:00+00:00, run_after=2023-05-01T00:00:00+00:00
[2023-04-29T21:27:01.778+0000] {processor.py:175} INFO - Processing /opt/airflow/dags/ETL.py took 0.527 seconds
[2023-04-29T21:27:31.981+0000] {processor.py:153} INFO - Started process (PID=32) to work on /opt/airflow/dags/ETL.py
[2023-04-29T21:27:31.982+0000] {processor.py:743} INFO - Processing file /opt/airflow/dags/ETL.py for tasks to queue
[2023-04-29T21:27:31.983+0000] {logging_mixin.py:137} INFO - [2023-04-29T21:27:31.983+0000] {dagbag.py:538} INFO - Filling up the DagBag from /opt/airflow/dags/ETL.py
[2023-04-29T21:27:32.411+0000] {processor.py:753} INFO - DAG(s) dict_keys(['ETL']) retrieved from /opt/airflow/dags/ETL.py
[2023-04-29T21:27:32.448+0000] {logging_mixin.py:137} INFO - [2023-04-29T21:27:32.447+0000] {dag.py:2676} INFO - Sync 1 DAGs
[2023-04-29T21:27:32.470+0000] {logging_mixin.py:137} INFO - [2023-04-29T21:27:32.470+0000] {dag.py:3423} INFO - Setting next_dagrun for ETL to 2023-04-30T00:00:00+00:00, run_after=2023-05-01T00:00:00+00:00
[2023-04-29T21:27:32.496+0000] {processor.py:175} INFO - Processing /opt/airflow/dags/ETL.py took 0.519 seconds
[2023-04-29T21:28:02.608+0000] {processor.py:153} INFO - Started process (PID=34) to work on /opt/airflow/dags/ETL.py
[2023-04-29T21:28:02.609+0000] {processor.py:743} INFO - Processing file /opt/airflow/dags/ETL.py for tasks to queue
[2023-04-29T21:28:02.611+0000] {logging_mixin.py:137} INFO - [2023-04-29T21:28:02.611+0000] {dagbag.py:538} INFO - Filling up the DagBag from /opt/airflow/dags/ETL.py
[2023-04-29T21:28:03.054+0000] {processor.py:753} INFO - DAG(s) dict_keys(['ETL']) retrieved from /opt/airflow/dags/ETL.py
[2023-04-29T21:28:03.088+0000] {logging_mixin.py:137} INFO - [2023-04-29T21:28:03.088+0000] {dag.py:2676} INFO - Sync 1 DAGs
[2023-04-29T21:28:03.111+0000] {logging_mixin.py:137} INFO - [2023-04-29T21:28:03.111+0000] {dag.py:3423} INFO - Setting next_dagrun for ETL to 2023-04-30T00:00:00+00:00, run_after=2023-05-01T00:00:00+00:00
[2023-04-29T21:28:03.136+0000] {processor.py:175} INFO - Processing /opt/airflow/dags/ETL.py took 0.532 seconds
[2023-04-29T21:28:33.359+0000] {processor.py:153} INFO - Started process (PID=36) to work on /opt/airflow/dags/ETL.py
[2023-04-29T21:28:33.360+0000] {processor.py:743} INFO - Processing file /opt/airflow/dags/ETL.py for tasks to queue
[2023-04-29T21:28:33.363+0000] {logging_mixin.py:137} INFO - [2023-04-29T21:28:33.362+0000] {dagbag.py:538} INFO - Filling up the DagBag from /opt/airflow/dags/ETL.py
[2023-04-29T21:28:33.795+0000] {processor.py:753} INFO - DAG(s) dict_keys(['ETL']) retrieved from /opt/airflow/dags/ETL.py
[2023-04-29T21:28:33.831+0000] {logging_mixin.py:137} INFO - [2023-04-29T21:28:33.831+0000] {dag.py:2676} INFO - Sync 1 DAGs
[2023-04-29T21:28:33.859+0000] {logging_mixin.py:137} INFO - [2023-04-29T21:28:33.859+0000] {dag.py:3423} INFO - Setting next_dagrun for ETL to 2023-04-30T00:00:00+00:00, run_after=2023-05-01T00:00:00+00:00
[2023-04-29T21:28:33.883+0000] {processor.py:175} INFO - Processing /opt/airflow/dags/ETL.py took 0.530 seconds
[2023-04-29T21:29:04.055+0000] {processor.py:153} INFO - Started process (PID=38) to work on /opt/airflow/dags/ETL.py
[2023-04-29T21:29:04.056+0000] {processor.py:743} INFO - Processing file /opt/airflow/dags/ETL.py for tasks to queue
[2023-04-29T21:29:04.057+0000] {logging_mixin.py:137} INFO - [2023-04-29T21:29:04.057+0000] {dagbag.py:538} INFO - Filling up the DagBag from /opt/airflow/dags/ETL.py
[2023-04-29T21:29:04.500+0000] {processor.py:753} INFO - DAG(s) dict_keys(['ETL']) retrieved from /opt/airflow/dags/ETL.py
[2023-04-29T21:29:04.536+0000] {logging_mixin.py:137} INFO - [2023-04-29T21:29:04.535+0000] {dag.py:2676} INFO - Sync 1 DAGs
[2023-04-29T21:29:04.565+0000] {logging_mixin.py:137} INFO - [2023-04-29T21:29:04.565+0000] {dag.py:3423} INFO - Setting next_dagrun for ETL to 2023-04-30T00:00:00+00:00, run_after=2023-05-01T00:00:00+00:00
[2023-04-29T21:29:04.589+0000] {processor.py:175} INFO - Processing /opt/airflow/dags/ETL.py took 0.539 seconds
[2023-04-29T21:29:34.827+0000] {processor.py:153} INFO - Started process (PID=40) to work on /opt/airflow/dags/ETL.py
[2023-04-29T21:29:34.829+0000] {processor.py:743} INFO - Processing file /opt/airflow/dags/ETL.py for tasks to queue
[2023-04-29T21:29:34.831+0000] {logging_mixin.py:137} INFO - [2023-04-29T21:29:34.831+0000] {dagbag.py:538} INFO - Filling up the DagBag from /opt/airflow/dags/ETL.py
[2023-04-29T21:29:35.274+0000] {processor.py:753} INFO - DAG(s) dict_keys(['ETL']) retrieved from /opt/airflow/dags/ETL.py
[2023-04-29T21:29:35.310+0000] {logging_mixin.py:137} INFO - [2023-04-29T21:29:35.309+0000] {dag.py:2676} INFO - Sync 1 DAGs
[2023-04-29T21:29:35.336+0000] {logging_mixin.py:137} INFO - [2023-04-29T21:29:35.336+0000] {dag.py:3423} INFO - Setting next_dagrun for ETL to 2023-04-30T00:00:00+00:00, run_after=2023-05-01T00:00:00+00:00
[2023-04-29T21:29:35.362+0000] {processor.py:175} INFO - Processing /opt/airflow/dags/ETL.py took 0.539 seconds
[2023-04-29T21:30:05.476+0000] {processor.py:153} INFO - Started process (PID=42) to work on /opt/airflow/dags/ETL.py
[2023-04-29T21:30:05.478+0000] {processor.py:743} INFO - Processing file /opt/airflow/dags/ETL.py for tasks to queue
[2023-04-29T21:30:05.479+0000] {logging_mixin.py:137} INFO - [2023-04-29T21:30:05.479+0000] {dagbag.py:538} INFO - Filling up the DagBag from /opt/airflow/dags/ETL.py
[2023-04-29T21:30:05.908+0000] {processor.py:753} INFO - DAG(s) dict_keys(['ETL']) retrieved from /opt/airflow/dags/ETL.py
[2023-04-29T21:30:05.943+0000] {logging_mixin.py:137} INFO - [2023-04-29T21:30:05.943+0000] {dag.py:2676} INFO - Sync 1 DAGs
[2023-04-29T21:30:05.965+0000] {logging_mixin.py:137} INFO - [2023-04-29T21:30:05.965+0000] {dag.py:3423} INFO - Setting next_dagrun for ETL to 2023-04-30T00:00:00+00:00, run_after=2023-05-01T00:00:00+00:00
[2023-04-29T21:30:05.993+0000] {processor.py:175} INFO - Processing /opt/airflow/dags/ETL.py took 0.522 seconds
[2023-04-29T21:30:36.195+0000] {processor.py:153} INFO - Started process (PID=44) to work on /opt/airflow/dags/ETL.py
[2023-04-29T21:30:36.197+0000] {processor.py:743} INFO - Processing file /opt/airflow/dags/ETL.py for tasks to queue
[2023-04-29T21:30:36.198+0000] {logging_mixin.py:137} INFO - [2023-04-29T21:30:36.198+0000] {dagbag.py:538} INFO - Filling up the DagBag from /opt/airflow/dags/ETL.py
[2023-04-29T21:30:36.645+0000] {processor.py:753} INFO - DAG(s) dict_keys(['ETL']) retrieved from /opt/airflow/dags/ETL.py
[2023-04-29T21:30:36.682+0000] {logging_mixin.py:137} INFO - [2023-04-29T21:30:36.681+0000] {dag.py:2676} INFO - Sync 1 DAGs
[2023-04-29T21:30:36.704+0000] {logging_mixin.py:137} INFO - [2023-04-29T21:30:36.704+0000] {dag.py:3423} INFO - Setting next_dagrun for ETL to 2023-04-30T00:00:00+00:00, run_after=2023-05-01T00:00:00+00:00
[2023-04-29T21:30:36.730+0000] {processor.py:175} INFO - Processing /opt/airflow/dags/ETL.py took 0.538 seconds
[2023-04-29T21:31:06.911+0000] {processor.py:153} INFO - Started process (PID=46) to work on /opt/airflow/dags/ETL.py
[2023-04-29T21:31:06.915+0000] {processor.py:743} INFO - Processing file /opt/airflow/dags/ETL.py for tasks to queue
[2023-04-29T21:31:06.916+0000] {logging_mixin.py:137} INFO - [2023-04-29T21:31:06.916+0000] {dagbag.py:538} INFO - Filling up the DagBag from /opt/airflow/dags/ETL.py
[2023-04-29T21:31:07.375+0000] {processor.py:753} INFO - DAG(s) dict_keys(['ETL']) retrieved from /opt/airflow/dags/ETL.py
[2023-04-29T21:31:07.410+0000] {logging_mixin.py:137} INFO - [2023-04-29T21:31:07.410+0000] {dag.py:2676} INFO - Sync 1 DAGs
[2023-04-29T21:31:07.434+0000] {logging_mixin.py:137} INFO - [2023-04-29T21:31:07.434+0000] {dag.py:3423} INFO - Setting next_dagrun for ETL to 2023-04-30T00:00:00+00:00, run_after=2023-05-01T00:00:00+00:00
[2023-04-29T21:31:07.459+0000] {processor.py:175} INFO - Processing /opt/airflow/dags/ETL.py took 0.552 seconds
[2023-04-29T21:31:37.683+0000] {processor.py:153} INFO - Started process (PID=48) to work on /opt/airflow/dags/ETL.py
[2023-04-29T21:31:37.685+0000] {processor.py:743} INFO - Processing file /opt/airflow/dags/ETL.py for tasks to queue
[2023-04-29T21:31:37.687+0000] {logging_mixin.py:137} INFO - [2023-04-29T21:31:37.687+0000] {dagbag.py:538} INFO - Filling up the DagBag from /opt/airflow/dags/ETL.py
[2023-04-29T21:31:38.131+0000] {processor.py:753} INFO - DAG(s) dict_keys(['ETL']) retrieved from /opt/airflow/dags/ETL.py
[2023-04-29T21:31:38.170+0000] {logging_mixin.py:137} INFO - [2023-04-29T21:31:38.170+0000] {dag.py:2676} INFO - Sync 1 DAGs
[2023-04-29T21:31:38.196+0000] {logging_mixin.py:137} INFO - [2023-04-29T21:31:38.196+0000] {dag.py:3423} INFO - Setting next_dagrun for ETL to 2023-04-30T00:00:00+00:00, run_after=2023-05-01T00:00:00+00:00
[2023-04-29T21:31:38.288+0000] {processor.py:175} INFO - Processing /opt/airflow/dags/ETL.py took 0.608 seconds
[2023-04-29T21:32:08.516+0000] {processor.py:153} INFO - Started process (PID=50) to work on /opt/airflow/dags/ETL.py
[2023-04-29T21:32:08.517+0000] {processor.py:743} INFO - Processing file /opt/airflow/dags/ETL.py for tasks to queue
[2023-04-29T21:32:08.518+0000] {logging_mixin.py:137} INFO - [2023-04-29T21:32:08.518+0000] {dagbag.py:538} INFO - Filling up the DagBag from /opt/airflow/dags/ETL.py
[2023-04-29T21:32:08.955+0000] {processor.py:753} INFO - DAG(s) dict_keys(['ETL']) retrieved from /opt/airflow/dags/ETL.py
[2023-04-29T21:32:08.991+0000] {logging_mixin.py:137} INFO - [2023-04-29T21:32:08.991+0000] {dag.py:2676} INFO - Sync 1 DAGs
[2023-04-29T21:32:09.013+0000] {logging_mixin.py:137} INFO - [2023-04-29T21:32:09.013+0000] {dag.py:3423} INFO - Setting next_dagrun for ETL to 2023-04-30T00:00:00+00:00, run_after=2023-05-01T00:00:00+00:00
[2023-04-29T21:32:09.037+0000] {processor.py:175} INFO - Processing /opt/airflow/dags/ETL.py took 0.524 seconds
[2023-04-29T21:32:39.265+0000] {processor.py:153} INFO - Started process (PID=52) to work on /opt/airflow/dags/ETL.py
[2023-04-29T21:32:39.267+0000] {processor.py:743} INFO - Processing file /opt/airflow/dags/ETL.py for tasks to queue
[2023-04-29T21:32:39.269+0000] {logging_mixin.py:137} INFO - [2023-04-29T21:32:39.269+0000] {dagbag.py:538} INFO - Filling up the DagBag from /opt/airflow/dags/ETL.py
[2023-04-29T21:32:39.717+0000] {processor.py:753} INFO - DAG(s) dict_keys(['ETL']) retrieved from /opt/airflow/dags/ETL.py
[2023-04-29T21:32:39.753+0000] {logging_mixin.py:137} INFO - [2023-04-29T21:32:39.753+0000] {dag.py:2676} INFO - Sync 1 DAGs
[2023-04-29T21:32:39.777+0000] {logging_mixin.py:137} INFO - [2023-04-29T21:32:39.777+0000] {dag.py:3423} INFO - Setting next_dagrun for ETL to 2023-04-30T00:00:00+00:00, run_after=2023-05-01T00:00:00+00:00
[2023-04-29T21:32:39.802+0000] {processor.py:175} INFO - Processing /opt/airflow/dags/ETL.py took 0.541 seconds
[2023-04-29T21:33:09.872+0000] {processor.py:153} INFO - Started process (PID=54) to work on /opt/airflow/dags/ETL.py
[2023-04-29T21:33:09.873+0000] {processor.py:743} INFO - Processing file /opt/airflow/dags/ETL.py for tasks to queue
[2023-04-29T21:33:09.874+0000] {logging_mixin.py:137} INFO - [2023-04-29T21:33:09.874+0000] {dagbag.py:538} INFO - Filling up the DagBag from /opt/airflow/dags/ETL.py
[2023-04-29T21:33:10.327+0000] {processor.py:753} INFO - DAG(s) dict_keys(['ETL']) retrieved from /opt/airflow/dags/ETL.py
[2023-04-29T21:33:10.363+0000] {logging_mixin.py:137} INFO - [2023-04-29T21:33:10.363+0000] {dag.py:2676} INFO - Sync 1 DAGs
[2023-04-29T21:33:10.385+0000] {logging_mixin.py:137} INFO - [2023-04-29T21:33:10.384+0000] {dag.py:3423} INFO - Setting next_dagrun for ETL to 2023-04-30T00:00:00+00:00, run_after=2023-05-01T00:00:00+00:00
[2023-04-29T21:33:10.410+0000] {processor.py:175} INFO - Processing /opt/airflow/dags/ETL.py took 0.542 seconds
[2023-04-29T21:33:40.643+0000] {processor.py:153} INFO - Started process (PID=56) to work on /opt/airflow/dags/ETL.py
[2023-04-29T21:33:40.645+0000] {processor.py:743} INFO - Processing file /opt/airflow/dags/ETL.py for tasks to queue
[2023-04-29T21:33:40.646+0000] {logging_mixin.py:137} INFO - [2023-04-29T21:33:40.646+0000] {dagbag.py:538} INFO - Filling up the DagBag from /opt/airflow/dags/ETL.py
[2023-04-29T21:33:41.080+0000] {processor.py:753} INFO - DAG(s) dict_keys(['ETL']) retrieved from /opt/airflow/dags/ETL.py
[2023-04-29T21:33:41.117+0000] {logging_mixin.py:137} INFO - [2023-04-29T21:33:41.116+0000] {dag.py:2676} INFO - Sync 1 DAGs
[2023-04-29T21:33:41.140+0000] {logging_mixin.py:137} INFO - [2023-04-29T21:33:41.140+0000] {dag.py:3423} INFO - Setting next_dagrun for ETL to 2023-04-30T00:00:00+00:00, run_after=2023-05-01T00:00:00+00:00
[2023-04-29T21:33:41.172+0000] {processor.py:175} INFO - Processing /opt/airflow/dags/ETL.py took 0.533 seconds
[2023-04-29T21:34:11.329+0000] {processor.py:153} INFO - Started process (PID=58) to work on /opt/airflow/dags/ETL.py
[2023-04-29T21:34:11.331+0000] {processor.py:743} INFO - Processing file /opt/airflow/dags/ETL.py for tasks to queue
[2023-04-29T21:34:11.332+0000] {logging_mixin.py:137} INFO - [2023-04-29T21:34:11.332+0000] {dagbag.py:538} INFO - Filling up the DagBag from /opt/airflow/dags/ETL.py
[2023-04-29T21:34:11.827+0000] {processor.py:753} INFO - DAG(s) dict_keys(['ETL']) retrieved from /opt/airflow/dags/ETL.py
[2023-04-29T21:34:11.869+0000] {logging_mixin.py:137} INFO - [2023-04-29T21:34:11.869+0000] {dag.py:2676} INFO - Sync 1 DAGs
[2023-04-29T21:34:11.894+0000] {logging_mixin.py:137} INFO - [2023-04-29T21:34:11.893+0000] {dag.py:3423} INFO - Setting next_dagrun for ETL to 2023-04-30T00:00:00+00:00, run_after=2023-05-01T00:00:00+00:00
[2023-04-29T21:34:11.922+0000] {processor.py:175} INFO - Processing /opt/airflow/dags/ETL.py took 0.596 seconds
[2023-04-29T21:34:42.148+0000] {processor.py:153} INFO - Started process (PID=60) to work on /opt/airflow/dags/ETL.py
[2023-04-29T21:34:42.150+0000] {processor.py:743} INFO - Processing file /opt/airflow/dags/ETL.py for tasks to queue
[2023-04-29T21:34:42.152+0000] {logging_mixin.py:137} INFO - [2023-04-29T21:34:42.151+0000] {dagbag.py:538} INFO - Filling up the DagBag from /opt/airflow/dags/ETL.py
[2023-04-29T21:34:42.586+0000] {processor.py:753} INFO - DAG(s) dict_keys(['ETL']) retrieved from /opt/airflow/dags/ETL.py
[2023-04-29T21:34:42.621+0000] {logging_mixin.py:137} INFO - [2023-04-29T21:34:42.621+0000] {dag.py:2676} INFO - Sync 1 DAGs
[2023-04-29T21:34:42.644+0000] {logging_mixin.py:137} INFO - [2023-04-29T21:34:42.644+0000] {dag.py:3423} INFO - Setting next_dagrun for ETL to 2023-04-30T00:00:00+00:00, run_after=2023-05-01T00:00:00+00:00
[2023-04-29T21:34:42.668+0000] {processor.py:175} INFO - Processing /opt/airflow/dags/ETL.py took 0.524 seconds
[2023-04-29T21:35:12.725+0000] {processor.py:153} INFO - Started process (PID=62) to work on /opt/airflow/dags/ETL.py
[2023-04-29T21:35:12.727+0000] {processor.py:743} INFO - Processing file /opt/airflow/dags/ETL.py for tasks to queue
[2023-04-29T21:35:12.728+0000] {logging_mixin.py:137} INFO - [2023-04-29T21:35:12.728+0000] {dagbag.py:538} INFO - Filling up the DagBag from /opt/airflow/dags/ETL.py
[2023-04-29T21:35:13.241+0000] {processor.py:753} INFO - DAG(s) dict_keys(['ETL']) retrieved from /opt/airflow/dags/ETL.py
[2023-04-29T21:35:13.278+0000] {logging_mixin.py:137} INFO - [2023-04-29T21:35:13.277+0000] {dag.py:2676} INFO - Sync 1 DAGs
[2023-04-29T21:35:13.301+0000] {logging_mixin.py:137} INFO - [2023-04-29T21:35:13.300+0000] {dag.py:3423} INFO - Setting next_dagrun for ETL to 2023-04-30T00:00:00+00:00, run_after=2023-05-01T00:00:00+00:00
[2023-04-29T21:35:13.324+0000] {processor.py:175} INFO - Processing /opt/airflow/dags/ETL.py took 0.602 seconds
[2023-04-29T21:35:43.527+0000] {processor.py:153} INFO - Started process (PID=64) to work on /opt/airflow/dags/ETL.py
[2023-04-29T21:35:43.529+0000] {processor.py:743} INFO - Processing file /opt/airflow/dags/ETL.py for tasks to queue
[2023-04-29T21:35:43.531+0000] {logging_mixin.py:137} INFO - [2023-04-29T21:35:43.530+0000] {dagbag.py:538} INFO - Filling up the DagBag from /opt/airflow/dags/ETL.py
[2023-04-29T21:35:43.971+0000] {processor.py:753} INFO - DAG(s) dict_keys(['ETL']) retrieved from /opt/airflow/dags/ETL.py
[2023-04-29T21:35:44.009+0000] {logging_mixin.py:137} INFO - [2023-04-29T21:35:44.008+0000] {dag.py:2676} INFO - Sync 1 DAGs
[2023-04-29T21:35:44.033+0000] {logging_mixin.py:137} INFO - [2023-04-29T21:35:44.033+0000] {dag.py:3423} INFO - Setting next_dagrun for ETL to 2023-04-30T00:00:00+00:00, run_after=2023-05-01T00:00:00+00:00
[2023-04-29T21:35:44.057+0000] {processor.py:175} INFO - Processing /opt/airflow/dags/ETL.py took 0.533 seconds
[2023-04-29T21:36:14.219+0000] {processor.py:153} INFO - Started process (PID=66) to work on /opt/airflow/dags/ETL.py
[2023-04-29T21:36:14.221+0000] {processor.py:743} INFO - Processing file /opt/airflow/dags/ETL.py for tasks to queue
[2023-04-29T21:36:14.222+0000] {logging_mixin.py:137} INFO - [2023-04-29T21:36:14.222+0000] {dagbag.py:538} INFO - Filling up the DagBag from /opt/airflow/dags/ETL.py
[2023-04-29T21:36:14.658+0000] {processor.py:753} INFO - DAG(s) dict_keys(['ETL']) retrieved from /opt/airflow/dags/ETL.py
[2023-04-29T21:36:14.702+0000] {logging_mixin.py:137} INFO - [2023-04-29T21:36:14.701+0000] {dag.py:2676} INFO - Sync 1 DAGs
[2023-04-29T21:36:14.727+0000] {logging_mixin.py:137} INFO - [2023-04-29T21:36:14.727+0000] {dag.py:3423} INFO - Setting next_dagrun for ETL to 2023-04-30T00:00:00+00:00, run_after=2023-05-01T00:00:00+00:00
[2023-04-29T21:36:14.750+0000] {processor.py:175} INFO - Processing /opt/airflow/dags/ETL.py took 0.534 seconds
[2023-04-29T21:36:44.988+0000] {processor.py:153} INFO - Started process (PID=68) to work on /opt/airflow/dags/ETL.py
[2023-04-29T21:36:44.990+0000] {processor.py:743} INFO - Processing file /opt/airflow/dags/ETL.py for tasks to queue
[2023-04-29T21:36:44.994+0000] {logging_mixin.py:137} INFO - [2023-04-29T21:36:44.994+0000] {dagbag.py:538} INFO - Filling up the DagBag from /opt/airflow/dags/ETL.py
[2023-04-29T21:36:45.425+0000] {processor.py:753} INFO - DAG(s) dict_keys(['ETL']) retrieved from /opt/airflow/dags/ETL.py
[2023-04-29T21:36:45.461+0000] {logging_mixin.py:137} INFO - [2023-04-29T21:36:45.460+0000] {dag.py:2676} INFO - Sync 1 DAGs
[2023-04-29T21:36:45.483+0000] {logging_mixin.py:137} INFO - [2023-04-29T21:36:45.483+0000] {dag.py:3423} INFO - Setting next_dagrun for ETL to 2023-04-30T00:00:00+00:00, run_after=2023-05-01T00:00:00+00:00
[2023-04-29T21:36:45.508+0000] {processor.py:175} INFO - Processing /opt/airflow/dags/ETL.py took 0.526 seconds
[2023-04-29T21:37:15.609+0000] {processor.py:153} INFO - Started process (PID=70) to work on /opt/airflow/dags/ETL.py
[2023-04-29T21:37:15.610+0000] {processor.py:743} INFO - Processing file /opt/airflow/dags/ETL.py for tasks to queue
[2023-04-29T21:37:15.611+0000] {logging_mixin.py:137} INFO - [2023-04-29T21:37:15.611+0000] {dagbag.py:538} INFO - Filling up the DagBag from /opt/airflow/dags/ETL.py
[2023-04-29T21:37:16.106+0000] {processor.py:753} INFO - DAG(s) dict_keys(['ETL']) retrieved from /opt/airflow/dags/ETL.py
[2023-04-29T21:37:16.140+0000] {logging_mixin.py:137} INFO - [2023-04-29T21:37:16.140+0000] {dag.py:2676} INFO - Sync 1 DAGs
[2023-04-29T21:37:16.163+0000] {logging_mixin.py:137} INFO - [2023-04-29T21:37:16.162+0000] {dag.py:3423} INFO - Setting next_dagrun for ETL to 2023-04-30T00:00:00+00:00, run_after=2023-05-01T00:00:00+00:00
[2023-04-29T21:37:16.188+0000] {processor.py:175} INFO - Processing /opt/airflow/dags/ETL.py took 0.583 seconds
[2023-04-29T21:37:46.388+0000] {processor.py:153} INFO - Started process (PID=72) to work on /opt/airflow/dags/ETL.py
[2023-04-29T21:37:46.389+0000] {processor.py:743} INFO - Processing file /opt/airflow/dags/ETL.py for tasks to queue
[2023-04-29T21:37:46.391+0000] {logging_mixin.py:137} INFO - [2023-04-29T21:37:46.391+0000] {dagbag.py:538} INFO - Filling up the DagBag from /opt/airflow/dags/ETL.py
[2023-04-29T21:37:46.822+0000] {processor.py:753} INFO - DAG(s) dict_keys(['ETL']) retrieved from /opt/airflow/dags/ETL.py
[2023-04-29T21:37:46.858+0000] {logging_mixin.py:137} INFO - [2023-04-29T21:37:46.858+0000] {dag.py:2676} INFO - Sync 1 DAGs
[2023-04-29T21:37:46.883+0000] {logging_mixin.py:137} INFO - [2023-04-29T21:37:46.883+0000] {dag.py:3423} INFO - Setting next_dagrun for ETL to 2023-04-30T00:00:00+00:00, run_after=2023-05-01T00:00:00+00:00
[2023-04-29T21:37:46.908+0000] {processor.py:175} INFO - Processing /opt/airflow/dags/ETL.py took 0.524 seconds
[2023-04-29T21:38:17.098+0000] {processor.py:153} INFO - Started process (PID=74) to work on /opt/airflow/dags/ETL.py
[2023-04-29T21:38:17.099+0000] {processor.py:743} INFO - Processing file /opt/airflow/dags/ETL.py for tasks to queue
[2023-04-29T21:38:17.101+0000] {logging_mixin.py:137} INFO - [2023-04-29T21:38:17.101+0000] {dagbag.py:538} INFO - Filling up the DagBag from /opt/airflow/dags/ETL.py
[2023-04-29T21:38:17.529+0000] {processor.py:753} INFO - DAG(s) dict_keys(['ETL']) retrieved from /opt/airflow/dags/ETL.py
[2023-04-29T21:38:17.564+0000] {logging_mixin.py:137} INFO - [2023-04-29T21:38:17.564+0000] {dag.py:2676} INFO - Sync 1 DAGs
[2023-04-29T21:38:17.587+0000] {logging_mixin.py:137} INFO - [2023-04-29T21:38:17.587+0000] {dag.py:3423} INFO - Setting next_dagrun for ETL to 2023-04-30T00:00:00+00:00, run_after=2023-05-01T00:00:00+00:00
[2023-04-29T21:38:17.611+0000] {processor.py:175} INFO - Processing /opt/airflow/dags/ETL.py took 0.516 seconds
[2023-04-29T21:38:47.851+0000] {processor.py:153} INFO - Started process (PID=76) to work on /opt/airflow/dags/ETL.py
[2023-04-29T21:38:47.853+0000] {processor.py:743} INFO - Processing file /opt/airflow/dags/ETL.py for tasks to queue
[2023-04-29T21:38:47.854+0000] {logging_mixin.py:137} INFO - [2023-04-29T21:38:47.854+0000] {dagbag.py:538} INFO - Filling up the DagBag from /opt/airflow/dags/ETL.py
[2023-04-29T21:38:48.309+0000] {processor.py:753} INFO - DAG(s) dict_keys(['ETL']) retrieved from /opt/airflow/dags/ETL.py
[2023-04-29T21:38:48.346+0000] {logging_mixin.py:137} INFO - [2023-04-29T21:38:48.345+0000] {dag.py:2676} INFO - Sync 1 DAGs
[2023-04-29T21:38:48.368+0000] {logging_mixin.py:137} INFO - [2023-04-29T21:38:48.368+0000] {dag.py:3423} INFO - Setting next_dagrun for ETL to 2023-04-30T00:00:00+00:00, run_after=2023-05-01T00:00:00+00:00
[2023-04-29T21:38:48.399+0000] {processor.py:175} INFO - Processing /opt/airflow/dags/ETL.py took 0.552 seconds
[2023-04-29T21:39:18.479+0000] {processor.py:153} INFO - Started process (PID=78) to work on /opt/airflow/dags/ETL.py
[2023-04-29T21:39:18.481+0000] {processor.py:743} INFO - Processing file /opt/airflow/dags/ETL.py for tasks to queue
[2023-04-29T21:39:18.484+0000] {logging_mixin.py:137} INFO - [2023-04-29T21:39:18.484+0000] {dagbag.py:538} INFO - Filling up the DagBag from /opt/airflow/dags/ETL.py
[2023-04-29T21:39:18.944+0000] {processor.py:753} INFO - DAG(s) dict_keys(['ETL']) retrieved from /opt/airflow/dags/ETL.py
[2023-04-29T21:39:18.980+0000] {logging_mixin.py:137} INFO - [2023-04-29T21:39:18.980+0000] {dag.py:2676} INFO - Sync 1 DAGs
[2023-04-29T21:39:19.002+0000] {logging_mixin.py:137} INFO - [2023-04-29T21:39:19.002+0000] {dag.py:3423} INFO - Setting next_dagrun for ETL to 2023-04-30T00:00:00+00:00, run_after=2023-05-01T00:00:00+00:00
[2023-04-29T21:39:19.026+0000] {processor.py:175} INFO - Processing /opt/airflow/dags/ETL.py took 0.551 seconds
[2023-04-29T21:39:49.259+0000] {processor.py:153} INFO - Started process (PID=80) to work on /opt/airflow/dags/ETL.py
[2023-04-29T21:39:49.261+0000] {processor.py:743} INFO - Processing file /opt/airflow/dags/ETL.py for tasks to queue
[2023-04-29T21:39:49.262+0000] {logging_mixin.py:137} INFO - [2023-04-29T21:39:49.262+0000] {dagbag.py:538} INFO - Filling up the DagBag from /opt/airflow/dags/ETL.py
[2023-04-29T21:39:49.704+0000] {processor.py:753} INFO - DAG(s) dict_keys(['ETL']) retrieved from /opt/airflow/dags/ETL.py
[2023-04-29T21:39:49.741+0000] {logging_mixin.py:137} INFO - [2023-04-29T21:39:49.740+0000] {dag.py:2676} INFO - Sync 1 DAGs
[2023-04-29T21:39:49.771+0000] {logging_mixin.py:137} INFO - [2023-04-29T21:39:49.771+0000] {dag.py:3423} INFO - Setting next_dagrun for ETL to 2023-04-30T00:00:00+00:00, run_after=2023-05-01T00:00:00+00:00
[2023-04-29T21:39:49.796+0000] {processor.py:175} INFO - Processing /opt/airflow/dags/ETL.py took 0.540 seconds
[2023-04-29T21:40:19.980+0000] {processor.py:153} INFO - Started process (PID=82) to work on /opt/airflow/dags/ETL.py
[2023-04-29T21:40:19.981+0000] {processor.py:743} INFO - Processing file /opt/airflow/dags/ETL.py for tasks to queue
[2023-04-29T21:40:19.982+0000] {logging_mixin.py:137} INFO - [2023-04-29T21:40:19.982+0000] {dagbag.py:538} INFO - Filling up the DagBag from /opt/airflow/dags/ETL.py
[2023-04-29T21:40:20.438+0000] {processor.py:753} INFO - DAG(s) dict_keys(['ETL']) retrieved from /opt/airflow/dags/ETL.py
[2023-04-29T21:40:20.507+0000] {logging_mixin.py:137} INFO - [2023-04-29T21:40:20.507+0000] {dag.py:2676} INFO - Sync 1 DAGs
[2023-04-29T21:40:20.539+0000] {logging_mixin.py:137} INFO - [2023-04-29T21:40:20.539+0000] {dag.py:3423} INFO - Setting next_dagrun for ETL to 2023-04-30T00:00:00+00:00, run_after=2023-05-01T00:00:00+00:00
[2023-04-29T21:40:20.568+0000] {processor.py:175} INFO - Processing /opt/airflow/dags/ETL.py took 0.592 seconds
[2023-04-29T21:40:50.795+0000] {processor.py:153} INFO - Started process (PID=84) to work on /opt/airflow/dags/ETL.py
[2023-04-29T21:40:50.797+0000] {processor.py:743} INFO - Processing file /opt/airflow/dags/ETL.py for tasks to queue
[2023-04-29T21:40:50.798+0000] {logging_mixin.py:137} INFO - [2023-04-29T21:40:50.798+0000] {dagbag.py:538} INFO - Filling up the DagBag from /opt/airflow/dags/ETL.py
[2023-04-29T21:40:51.259+0000] {processor.py:753} INFO - DAG(s) dict_keys(['ETL']) retrieved from /opt/airflow/dags/ETL.py
[2023-04-29T21:40:51.294+0000] {logging_mixin.py:137} INFO - [2023-04-29T21:40:51.293+0000] {dag.py:2676} INFO - Sync 1 DAGs
[2023-04-29T21:40:51.317+0000] {logging_mixin.py:137} INFO - [2023-04-29T21:40:51.317+0000] {dag.py:3423} INFO - Setting next_dagrun for ETL to 2023-04-30T00:00:00+00:00, run_after=2023-05-01T00:00:00+00:00
[2023-04-29T21:40:51.340+0000] {processor.py:175} INFO - Processing /opt/airflow/dags/ETL.py took 0.549 seconds
[2023-04-29T21:41:21.578+0000] {processor.py:153} INFO - Started process (PID=86) to work on /opt/airflow/dags/ETL.py
[2023-04-29T21:41:21.580+0000] {processor.py:743} INFO - Processing file /opt/airflow/dags/ETL.py for tasks to queue
[2023-04-29T21:41:21.581+0000] {logging_mixin.py:137} INFO - [2023-04-29T21:41:21.581+0000] {dagbag.py:538} INFO - Filling up the DagBag from /opt/airflow/dags/ETL.py
[2023-04-29T21:41:22.074+0000] {processor.py:753} INFO - DAG(s) dict_keys(['ETL']) retrieved from /opt/airflow/dags/ETL.py
[2023-04-29T21:41:22.112+0000] {logging_mixin.py:137} INFO - [2023-04-29T21:41:22.111+0000] {dag.py:2676} INFO - Sync 1 DAGs
[2023-04-29T21:41:22.138+0000] {logging_mixin.py:137} INFO - [2023-04-29T21:41:22.138+0000] {dag.py:3423} INFO - Setting next_dagrun for ETL to 2023-04-30T00:00:00+00:00, run_after=2023-05-01T00:00:00+00:00
[2023-04-29T21:41:22.178+0000] {processor.py:175} INFO - Processing /opt/airflow/dags/ETL.py took 0.606 seconds
[2023-04-29T21:41:52.422+0000] {processor.py:153} INFO - Started process (PID=88) to work on /opt/airflow/dags/ETL.py
[2023-04-29T21:41:52.424+0000] {processor.py:743} INFO - Processing file /opt/airflow/dags/ETL.py for tasks to queue
[2023-04-29T21:41:52.426+0000] {logging_mixin.py:137} INFO - [2023-04-29T21:41:52.426+0000] {dagbag.py:538} INFO - Filling up the DagBag from /opt/airflow/dags/ETL.py
[2023-04-29T21:41:52.858+0000] {processor.py:753} INFO - DAG(s) dict_keys(['ETL']) retrieved from /opt/airflow/dags/ETL.py
[2023-04-29T21:41:52.893+0000] {logging_mixin.py:137} INFO - [2023-04-29T21:41:52.893+0000] {dag.py:2676} INFO - Sync 1 DAGs
[2023-04-29T21:41:52.916+0000] {logging_mixin.py:137} INFO - [2023-04-29T21:41:52.916+0000] {dag.py:3423} INFO - Setting next_dagrun for ETL to 2023-04-30T00:00:00+00:00, run_after=2023-05-01T00:00:00+00:00
[2023-04-29T21:41:52.942+0000] {processor.py:175} INFO - Processing /opt/airflow/dags/ETL.py took 0.523 seconds
[2023-04-29T21:42:23.151+0000] {processor.py:153} INFO - Started process (PID=90) to work on /opt/airflow/dags/ETL.py
[2023-04-29T21:42:23.153+0000] {processor.py:743} INFO - Processing file /opt/airflow/dags/ETL.py for tasks to queue
[2023-04-29T21:42:23.159+0000] {logging_mixin.py:137} INFO - [2023-04-29T21:42:23.159+0000] {dagbag.py:538} INFO - Filling up the DagBag from /opt/airflow/dags/ETL.py
[2023-04-29T21:42:23.606+0000] {processor.py:753} INFO - DAG(s) dict_keys(['ETL']) retrieved from /opt/airflow/dags/ETL.py
[2023-04-29T21:42:23.643+0000] {logging_mixin.py:137} INFO - [2023-04-29T21:42:23.642+0000] {dag.py:2676} INFO - Sync 1 DAGs
[2023-04-29T21:42:23.665+0000] {logging_mixin.py:137} INFO - [2023-04-29T21:42:23.665+0000] {dag.py:3423} INFO - Setting next_dagrun for ETL to 2023-04-30T00:00:00+00:00, run_after=2023-05-01T00:00:00+00:00
[2023-04-29T21:42:23.692+0000] {processor.py:175} INFO - Processing /opt/airflow/dags/ETL.py took 0.548 seconds
[2023-04-29T21:42:53.935+0000] {processor.py:153} INFO - Started process (PID=92) to work on /opt/airflow/dags/ETL.py
[2023-04-29T21:42:53.937+0000] {processor.py:743} INFO - Processing file /opt/airflow/dags/ETL.py for tasks to queue
[2023-04-29T21:42:53.938+0000] {logging_mixin.py:137} INFO - [2023-04-29T21:42:53.938+0000] {dagbag.py:538} INFO - Filling up the DagBag from /opt/airflow/dags/ETL.py
[2023-04-29T21:42:54.373+0000] {processor.py:753} INFO - DAG(s) dict_keys(['ETL']) retrieved from /opt/airflow/dags/ETL.py
[2023-04-29T21:42:54.409+0000] {logging_mixin.py:137} INFO - [2023-04-29T21:42:54.408+0000] {dag.py:2676} INFO - Sync 1 DAGs
[2023-04-29T21:42:54.432+0000] {logging_mixin.py:137} INFO - [2023-04-29T21:42:54.432+0000] {dag.py:3423} INFO - Setting next_dagrun for ETL to 2023-04-30T00:00:00+00:00, run_after=2023-05-01T00:00:00+00:00
[2023-04-29T21:42:54.455+0000] {processor.py:175} INFO - Processing /opt/airflow/dags/ETL.py took 0.526 seconds
[2023-04-29T21:43:24.517+0000] {processor.py:153} INFO - Started process (PID=94) to work on /opt/airflow/dags/ETL.py
[2023-04-29T21:43:24.519+0000] {processor.py:743} INFO - Processing file /opt/airflow/dags/ETL.py for tasks to queue
[2023-04-29T21:43:24.522+0000] {logging_mixin.py:137} INFO - [2023-04-29T21:43:24.521+0000] {dagbag.py:538} INFO - Filling up the DagBag from /opt/airflow/dags/ETL.py
[2023-04-29T21:43:24.986+0000] {processor.py:753} INFO - DAG(s) dict_keys(['ETL']) retrieved from /opt/airflow/dags/ETL.py
[2023-04-29T21:43:25.021+0000] {logging_mixin.py:137} INFO - [2023-04-29T21:43:25.020+0000] {dag.py:2676} INFO - Sync 1 DAGs
[2023-04-29T21:43:25.045+0000] {logging_mixin.py:137} INFO - [2023-04-29T21:43:25.045+0000] {dag.py:3423} INFO - Setting next_dagrun for ETL to 2023-04-30T00:00:00+00:00, run_after=2023-05-01T00:00:00+00:00
[2023-04-29T21:43:25.070+0000] {processor.py:175} INFO - Processing /opt/airflow/dags/ETL.py took 0.557 seconds
[2023-04-29T21:43:55.290+0000] {processor.py:153} INFO - Started process (PID=96) to work on /opt/airflow/dags/ETL.py
[2023-04-29T21:43:55.292+0000] {processor.py:743} INFO - Processing file /opt/airflow/dags/ETL.py for tasks to queue
[2023-04-29T21:43:55.294+0000] {logging_mixin.py:137} INFO - [2023-04-29T21:43:55.294+0000] {dagbag.py:538} INFO - Filling up the DagBag from /opt/airflow/dags/ETL.py
[2023-04-29T21:43:55.778+0000] {processor.py:753} INFO - DAG(s) dict_keys(['ETL']) retrieved from /opt/airflow/dags/ETL.py
[2023-04-29T21:43:55.815+0000] {logging_mixin.py:137} INFO - [2023-04-29T21:43:55.815+0000] {dag.py:2676} INFO - Sync 1 DAGs
[2023-04-29T21:43:55.840+0000] {logging_mixin.py:137} INFO - [2023-04-29T21:43:55.840+0000] {dag.py:3423} INFO - Setting next_dagrun for ETL to 2023-04-30T00:00:00+00:00, run_after=2023-05-01T00:00:00+00:00
[2023-04-29T21:43:55.868+0000] {processor.py:175} INFO - Processing /opt/airflow/dags/ETL.py took 0.582 seconds
