[2023-04-29T21:07:59.294+0000] {manager.py:483} INFO - Processing files using up to 2 processes at a time 
[2023-04-29T21:07:59.295+0000] {manager.py:484} INFO - Process each file at most once every 30 seconds
[2023-04-29T21:07:59.297+0000] {manager.py:485} INFO - Checking for new files in /opt/airflow/dags every 300 seconds
[2023-04-29T21:07:59.298+0000] {manager.py:726} INFO - Searching for files in /opt/airflow/dags
[2023-04-29T21:07:59.309+0000] {manager.py:729} INFO - There are 1 files in /opt/airflow/dags
[2023-04-29T21:07:59.405+0000] {manager.py:851} INFO - 
================================================================================
DAG File Processing Stats

File Path                   PID  Runtime      # DAGs    # Errors  Last Runtime    Last Run
------------------------  -----  ---------  --------  ----------  --------------  ----------
/opt/airflow/dags/ETL.py     28  0.03s             0           0
================================================================================
[2023-04-29T21:08:29.551+0000] {manager.py:851} INFO - 
================================================================================
DAG File Processing Stats

File Path                 PID    Runtime      # DAGs    # Errors  Last Runtime    Last Run
------------------------  -----  ---------  --------  ----------  --------------  -------------------
/opt/airflow/dags/ETL.py                           1           0  4.29s           2023-04-29T21:08:03
================================================================================
[2023-04-29T21:08:59.924+0000] {manager.py:851} INFO - 
================================================================================
DAG File Processing Stats

File Path                 PID    Runtime      # DAGs    # Errors  Last Runtime    Last Run
------------------------  -----  ---------  --------  ----------  --------------  -------------------
/opt/airflow/dags/ETL.py                           1           0  0.60s           2023-04-29T21:08:34
================================================================================
[2023-04-29T21:09:30.088+0000] {manager.py:851} INFO - 
================================================================================
DAG File Processing Stats

File Path                 PID    Runtime      # DAGs    # Errors  Last Runtime    Last Run
------------------------  -----  ---------  --------  ----------  --------------  -------------------
/opt/airflow/dags/ETL.py                           1           0  0.59s           2023-04-29T21:09:05
================================================================================
[2023-04-29T21:09:33.832+0000] {manager.py:465} INFO - Exiting gracefully upon receiving signal 15
[2023-04-29T21:10:00.294+0000] {manager.py:483} INFO - Processing files using up to 2 processes at a time 
[2023-04-29T21:10:00.304+0000] {manager.py:484} INFO - Process each file at most once every 30 seconds
[2023-04-29T21:10:00.310+0000] {manager.py:485} INFO - Checking for new files in /opt/airflow/dags every 300 seconds
[2023-04-29T21:10:00.313+0000] {manager.py:726} INFO - Searching for files in /opt/airflow/dags
[2023-04-29T21:10:00.337+0000] {manager.py:729} INFO - There are 1 files in /opt/airflow/dags
[2023-04-29T21:10:00.585+0000] {manager.py:851} INFO - 
================================================================================
DAG File Processing Stats

File Path                   PID  Runtime      # DAGs    # Errors  Last Runtime    Last Run
------------------------  -----  ---------  --------  ----------  --------------  ----------
/opt/airflow/dags/ETL.py     22  0.09s             0           0
================================================================================
[2023-04-29T21:10:30.721+0000] {manager.py:851} INFO - 
================================================================================
DAG File Processing Stats

File Path                 PID    Runtime      # DAGs    # Errors  Last Runtime    Last Run
------------------------  -----  ---------  --------  ----------  --------------  -------------------
/opt/airflow/dags/ETL.py                           1           0  1.43s           2023-04-29T21:10:01
================================================================================
[2023-04-29T21:11:00.761+0000] {manager.py:851} INFO - 
================================================================================
DAG File Processing Stats

File Path                 PID    Runtime      # DAGs    # Errors  Last Runtime    Last Run
------------------------  -----  ---------  --------  ----------  --------------  -------------------
/opt/airflow/dags/ETL.py                           1           0  0.58s           2023-04-29T21:10:32
================================================================================
[2023-04-29T21:11:31.333+0000] {manager.py:851} INFO - 
================================================================================
DAG File Processing Stats

File Path                 PID    Runtime      # DAGs    # Errors  Last Runtime    Last Run
------------------------  -----  ---------  --------  ----------  --------------  -------------------
/opt/airflow/dags/ETL.py                           1           0  0.63s           2023-04-29T21:11:03
================================================================================
[2023-04-29T21:12:01.699+0000] {manager.py:851} INFO - 
================================================================================
DAG File Processing Stats

File Path                 PID    Runtime      # DAGs    # Errors  Last Runtime    Last Run
------------------------  -----  ---------  --------  ----------  --------------  -------------------
/opt/airflow/dags/ETL.py                           1           0  0.57s           2023-04-29T21:11:34
================================================================================
[2023-04-29T21:12:31.886+0000] {manager.py:851} INFO - 
================================================================================
DAG File Processing Stats

File Path                 PID    Runtime      # DAGs    # Errors  Last Runtime    Last Run
------------------------  -----  ---------  --------  ----------  --------------  -------------------
/opt/airflow/dags/ETL.py                           1           0  0.60s           2023-04-29T21:12:04
================================================================================
[2023-04-29T21:13:02.232+0000] {manager.py:851} INFO - 
================================================================================
DAG File Processing Stats

File Path                 PID    Runtime      # DAGs    # Errors  Last Runtime    Last Run
------------------------  -----  ---------  --------  ----------  --------------  -------------------
/opt/airflow/dags/ETL.py                           1           0  0.60s           2023-04-29T21:12:35
================================================================================
[2023-04-29T21:13:32.399+0000] {manager.py:851} INFO - 
================================================================================
DAG File Processing Stats

File Path                 PID    Runtime      # DAGs    # Errors  Last Runtime    Last Run
------------------------  -----  ---------  --------  ----------  --------------  -------------------
/opt/airflow/dags/ETL.py                           1           0  0.94s           2023-04-29T21:13:06
================================================================================
[2023-04-29T21:14:02.575+0000] {manager.py:851} INFO - 
================================================================================
DAG File Processing Stats

File Path                 PID    Runtime      # DAGs    # Errors  Last Runtime    Last Run
------------------------  -----  ---------  --------  ----------  --------------  -------------------
/opt/airflow/dags/ETL.py                           1           0  0.61s           2023-04-29T21:13:37
================================================================================
[2023-04-29T21:14:16.262+0000] {manager.py:1072} WARNING - Skipping processing of missing file: /opt/airflow/dags/ETL.py
[2023-04-29T21:14:16.748+0000] {manager.py:1072} WARNING - Skipping processing of missing file: /opt/airflow/dags/ETL.py
[2023-04-29T21:14:17.276+0000] {manager.py:1072} WARNING - Skipping processing of missing file: /opt/airflow/dags/ETL.py
[2023-04-29T21:14:17.758+0000] {manager.py:1072} WARNING - Skipping processing of missing file: /opt/airflow/dags/ETL.py
[2023-04-29T21:14:18.285+0000] {manager.py:1072} WARNING - Skipping processing of missing file: /opt/airflow/dags/ETL.py
[2023-04-29T21:14:18.767+0000] {manager.py:1072} WARNING - Skipping processing of missing file: /opt/airflow/dags/ETL.py
[2023-04-29T21:14:19.293+0000] {manager.py:1072} WARNING - Skipping processing of missing file: /opt/airflow/dags/ETL.py
[2023-04-29T21:14:19.775+0000] {manager.py:1072} WARNING - Skipping processing of missing file: /opt/airflow/dags/ETL.py
[2023-04-29T21:14:20.306+0000] {manager.py:1072} WARNING - Skipping processing of missing file: /opt/airflow/dags/ETL.py
[2023-04-29T21:14:20.783+0000] {manager.py:1072} WARNING - Skipping processing of missing file: /opt/airflow/dags/ETL.py
[2023-04-29T21:14:21.322+0000] {manager.py:1072} WARNING - Skipping processing of missing file: /opt/airflow/dags/ETL.py
[2023-04-29T21:14:21.795+0000] {manager.py:1072} WARNING - Skipping processing of missing file: /opt/airflow/dags/ETL.py
[2023-04-29T21:14:22.331+0000] {manager.py:1072} WARNING - Skipping processing of missing file: /opt/airflow/dags/ETL.py
[2023-04-29T21:14:22.808+0000] {manager.py:1072} WARNING - Skipping processing of missing file: /opt/airflow/dags/ETL.py
[2023-04-29T21:14:23.341+0000] {manager.py:1072} WARNING - Skipping processing of missing file: /opt/airflow/dags/ETL.py
[2023-04-29T21:14:23.819+0000] {manager.py:1072} WARNING - Skipping processing of missing file: /opt/airflow/dags/ETL.py
[2023-04-29T21:14:24.354+0000] {manager.py:1072} WARNING - Skipping processing of missing file: /opt/airflow/dags/ETL.py
[2023-04-29T21:14:24.827+0000] {manager.py:1072} WARNING - Skipping processing of missing file: /opt/airflow/dags/ETL.py
[2023-04-29T21:14:25.368+0000] {manager.py:1072} WARNING - Skipping processing of missing file: /opt/airflow/dags/ETL.py
[2023-04-29T21:14:25.841+0000] {manager.py:1072} WARNING - Skipping processing of missing file: /opt/airflow/dags/ETL.py
[2023-04-29T21:14:26.383+0000] {manager.py:1072} WARNING - Skipping processing of missing file: /opt/airflow/dags/ETL.py
[2023-04-29T21:14:26.854+0000] {manager.py:1072} WARNING - Skipping processing of missing file: /opt/airflow/dags/ETL.py
[2023-04-29T21:14:27.396+0000] {manager.py:1072} WARNING - Skipping processing of missing file: /opt/airflow/dags/ETL.py
[2023-04-29T21:14:27.868+0000] {manager.py:1072} WARNING - Skipping processing of missing file: /opt/airflow/dags/ETL.py
[2023-04-29T21:14:28.409+0000] {manager.py:1072} WARNING - Skipping processing of missing file: /opt/airflow/dags/ETL.py
[2023-04-29T21:14:28.879+0000] {manager.py:1072} WARNING - Skipping processing of missing file: /opt/airflow/dags/ETL.py
[2023-04-29T21:14:29.418+0000] {manager.py:1072} WARNING - Skipping processing of missing file: /opt/airflow/dags/ETL.py
[2023-04-29T21:14:29.886+0000] {manager.py:1072} WARNING - Skipping processing of missing file: /opt/airflow/dags/ETL.py
[2023-04-29T21:14:30.216+0000] {manager.py:465} INFO - Exiting gracefully upon receiving signal 15
[2023-04-29T21:14:56.418+0000] {manager.py:483} INFO - Processing files using up to 2 processes at a time 
[2023-04-29T21:14:56.435+0000] {manager.py:484} INFO - Process each file at most once every 30 seconds
[2023-04-29T21:14:56.437+0000] {manager.py:485} INFO - Checking for new files in /opt/airflow/dags every 300 seconds
[2023-04-29T21:14:56.438+0000] {manager.py:726} INFO - Searching for files in /opt/airflow/dags
[2023-04-29T21:14:56.450+0000] {manager.py:729} INFO - There are 0 files in /opt/airflow/dags
[2023-04-29T21:19:57.238+0000] {manager.py:726} INFO - Searching for files in /opt/airflow/dags
[2023-04-29T21:19:57.247+0000] {manager.py:729} INFO - There are 0 files in /opt/airflow/dags
[2023-04-29T21:24:57.940+0000] {manager.py:726} INFO - Searching for files in /opt/airflow/dags
[2023-04-29T21:24:57.991+0000] {manager.py:729} INFO - There are 1 files in /opt/airflow/dags
[2023-04-29T21:25:00.032+0000] {manager.py:851} INFO - 
================================================================================
DAG File Processing Stats

File Path                 PID    Runtime      # DAGs    # Errors  Last Runtime    Last Run
------------------------  -----  ---------  --------  ----------  --------------  -------------------
/opt/airflow/dags/ETL.py                           1           0  0.71s           2023-04-29T21:24:58
================================================================================
[2023-04-29T21:25:30.202+0000] {manager.py:851} INFO - 
================================================================================
DAG File Processing Stats

File Path                 PID    Runtime      # DAGs    # Errors  Last Runtime    Last Run
------------------------  -----  ---------  --------  ----------  --------------  -------------------
/opt/airflow/dags/ETL.py                           1           0  0.61s           2023-04-29T21:25:29
================================================================================
[2023-04-29T21:26:00.313+0000] {manager.py:851} INFO - 
================================================================================
DAG File Processing Stats

File Path                 PID    Runtime      # DAGs    # Errors  Last Runtime    Last Run
------------------------  -----  ---------  --------  ----------  --------------  -------------------
/opt/airflow/dags/ETL.py                           1           0  0.65s           2023-04-29T21:26:00
================================================================================
[2023-04-29T21:26:30.497+0000] {manager.py:851} INFO - 
================================================================================
DAG File Processing Stats

File Path                   PID  Runtime      # DAGs    # Errors  Last Runtime    Last Run
------------------------  -----  ---------  --------  ----------  --------------  -------------------
/opt/airflow/dags/ETL.py     28  0.01s             1           0  0.65s           2023-04-29T21:26:00
================================================================================
[2023-04-29T21:27:00.994+0000] {manager.py:851} INFO - 
================================================================================
DAG File Processing Stats

File Path                 PID    Runtime      # DAGs    # Errors  Last Runtime    Last Run
------------------------  -----  ---------  --------  ----------  --------------  -------------------
/opt/airflow/dags/ETL.py                           1           0  0.60s           2023-04-29T21:26:31
================================================================================
[2023-04-29T21:27:31.378+0000] {manager.py:851} INFO - 
================================================================================
DAG File Processing Stats

File Path                 PID    Runtime      # DAGs    # Errors  Last Runtime    Last Run
------------------------  -----  ---------  --------  ----------  --------------  -------------------
/opt/airflow/dags/ETL.py                           1           0  0.57s           2023-04-29T21:27:01
================================================================================
[2023-04-29T21:28:01.559+0000] {manager.py:851} INFO - 
================================================================================
DAG File Processing Stats

File Path                 PID    Runtime      # DAGs    # Errors  Last Runtime    Last Run
------------------------  -----  ---------  --------  ----------  --------------  -------------------
/opt/airflow/dags/ETL.py                           1           0  0.56s           2023-04-29T21:27:32
================================================================================
[2023-04-29T21:28:31.833+0000] {manager.py:851} INFO - 
================================================================================
DAG File Processing Stats

File Path                 PID    Runtime      # DAGs    # Errors  Last Runtime    Last Run
------------------------  -----  ---------  --------  ----------  --------------  -------------------
/opt/airflow/dags/ETL.py                           1           0  0.59s           2023-04-29T21:28:03
================================================================================
[2023-04-29T21:29:02.016+0000] {manager.py:851} INFO - 
================================================================================
DAG File Processing Stats

File Path                 PID    Runtime      # DAGs    # Errors  Last Runtime    Last Run
------------------------  -----  ---------  --------  ----------  --------------  -------------------
/opt/airflow/dags/ETL.py                           1           0  0.58s           2023-04-29T21:28:33
================================================================================
[2023-04-29T21:29:32.193+0000] {manager.py:851} INFO - 
================================================================================
DAG File Processing Stats

File Path                 PID    Runtime      # DAGs    # Errors  Last Runtime    Last Run
------------------------  -----  ---------  --------  ----------  --------------  -------------------
/opt/airflow/dags/ETL.py                           1           0  0.59s           2023-04-29T21:29:04
================================================================================
[2023-04-29T21:29:58.348+0000] {manager.py:726} INFO - Searching for files in /opt/airflow/dags
[2023-04-29T21:29:58.381+0000] {manager.py:729} INFO - There are 1 files in /opt/airflow/dags
[2023-04-29T21:30:02.419+0000] {manager.py:851} INFO - 
================================================================================
DAG File Processing Stats

File Path                 PID    Runtime      # DAGs    # Errors  Last Runtime    Last Run
------------------------  -----  ---------  --------  ----------  --------------  -------------------
/opt/airflow/dags/ETL.py                           1           0  0.59s           2023-04-29T21:29:35
================================================================================
[2023-04-29T21:30:32.661+0000] {manager.py:851} INFO - 
================================================================================
DAG File Processing Stats

File Path                 PID    Runtime      # DAGs    # Errors  Last Runtime    Last Run
------------------------  -----  ---------  --------  ----------  --------------  -------------------
/opt/airflow/dags/ETL.py                           1           0  0.58s           2023-04-29T21:30:06
================================================================================
[2023-04-29T21:31:02.850+0000] {manager.py:851} INFO - 
================================================================================
DAG File Processing Stats

File Path                 PID    Runtime      # DAGs    # Errors  Last Runtime    Last Run
------------------------  -----  ---------  --------  ----------  --------------  -------------------
/opt/airflow/dags/ETL.py                           1           0  0.58s           2023-04-29T21:30:36
================================================================================
[2023-04-29T21:31:33.061+0000] {manager.py:851} INFO - 
================================================================================
DAG File Processing Stats

File Path                 PID    Runtime      # DAGs    # Errors  Last Runtime    Last Run
------------------------  -----  ---------  --------  ----------  --------------  -------------------
/opt/airflow/dags/ETL.py                           1           0  0.60s           2023-04-29T21:31:07
================================================================================
[2023-04-29T21:32:03.244+0000] {manager.py:851} INFO - 
================================================================================
DAG File Processing Stats

File Path                 PID    Runtime      # DAGs    # Errors  Last Runtime    Last Run
------------------------  -----  ---------  --------  ----------  --------------  -------------------
/opt/airflow/dags/ETL.py                           1           0  0.66s           2023-04-29T21:31:38
================================================================================
[2023-04-29T21:32:33.608+0000] {manager.py:851} INFO - 
================================================================================
DAG File Processing Stats

File Path                 PID    Runtime      # DAGs    # Errors  Last Runtime    Last Run
------------------------  -----  ---------  --------  ----------  --------------  -------------------
/opt/airflow/dags/ETL.py                           1           0  0.59s           2023-04-29T21:32:09
================================================================================
[2023-04-29T21:33:03.792+0000] {manager.py:851} INFO - 
================================================================================
DAG File Processing Stats

File Path                 PID    Runtime      # DAGs    # Errors  Last Runtime    Last Run
------------------------  -----  ---------  --------  ----------  --------------  -------------------
/opt/airflow/dags/ETL.py                           1           0  0.59s           2023-04-29T21:32:39
================================================================================
[2023-04-29T21:33:34.091+0000] {manager.py:851} INFO - 
================================================================================
DAG File Processing Stats

File Path                 PID    Runtime      # DAGs    # Errors  Last Runtime    Last Run
------------------------  -----  ---------  --------  ----------  --------------  -------------------
/opt/airflow/dags/ETL.py                           1           0  0.60s           2023-04-29T21:33:10
================================================================================
[2023-04-29T21:34:04.262+0000] {manager.py:851} INFO - 
================================================================================
DAG File Processing Stats

File Path                 PID    Runtime      # DAGs    # Errors  Last Runtime    Last Run
------------------------  -----  ---------  --------  ----------  --------------  -------------------
/opt/airflow/dags/ETL.py                           1           0  0.60s           2023-04-29T21:33:41
================================================================================
[2023-04-29T21:34:34.460+0000] {manager.py:851} INFO - 
================================================================================
DAG File Processing Stats

File Path                 PID    Runtime      # DAGs    # Errors  Last Runtime    Last Run
------------------------  -----  ---------  --------  ----------  --------------  -------------------
/opt/airflow/dags/ETL.py                           1           0  0.64s           2023-04-29T21:34:11
================================================================================
[2023-04-29T21:34:58.588+0000] {manager.py:726} INFO - Searching for files in /opt/airflow/dags
[2023-04-29T21:34:58.600+0000] {manager.py:729} INFO - There are 1 files in /opt/airflow/dags
[2023-04-29T21:35:04.648+0000] {manager.py:851} INFO - 
================================================================================
DAG File Processing Stats

File Path                 PID    Runtime      # DAGs    # Errors  Last Runtime    Last Run
------------------------  -----  ---------  --------  ----------  --------------  -------------------
/opt/airflow/dags/ETL.py                           1           0  0.58s           2023-04-29T21:34:42
================================================================================
[2023-04-29T21:35:34.966+0000] {manager.py:851} INFO - 
================================================================================
DAG File Processing Stats

File Path                 PID    Runtime      # DAGs    # Errors  Last Runtime    Last Run
------------------------  -----  ---------  --------  ----------  --------------  -------------------
/opt/airflow/dags/ETL.py                           1           0  0.65s           2023-04-29T21:35:13
================================================================================
[2023-04-29T21:36:05.128+0000] {manager.py:851} INFO - 
================================================================================
DAG File Processing Stats

File Path                 PID    Runtime      # DAGs    # Errors  Last Runtime    Last Run
------------------------  -----  ---------  --------  ----------  --------------  -------------------
/opt/airflow/dags/ETL.py                           1           0  0.58s           2023-04-29T21:35:44
================================================================================
[2023-04-29T21:36:35.344+0000] {manager.py:851} INFO - 
================================================================================
DAG File Processing Stats

File Path                 PID    Runtime      # DAGs    # Errors  Last Runtime    Last Run
------------------------  -----  ---------  --------  ----------  --------------  -------------------
/opt/airflow/dags/ETL.py                           1           0  0.59s           2023-04-29T21:36:14
================================================================================
[2023-04-29T21:37:05.523+0000] {manager.py:851} INFO - 
================================================================================
DAG File Processing Stats

File Path                 PID    Runtime      # DAGs    # Errors  Last Runtime    Last Run
------------------------  -----  ---------  --------  ----------  --------------  -------------------
/opt/airflow/dags/ETL.py                           1           0  0.59s           2023-04-29T21:36:45
================================================================================
[2023-04-29T21:37:35.800+0000] {manager.py:851} INFO - 
================================================================================
DAG File Processing Stats

File Path                 PID    Runtime      # DAGs    # Errors  Last Runtime    Last Run
------------------------  -----  ---------  --------  ----------  --------------  -------------------
/opt/airflow/dags/ETL.py                           1           0  0.63s           2023-04-29T21:37:16
================================================================================
[2023-04-29T21:38:05.993+0000] {manager.py:851} INFO - 
================================================================================
DAG File Processing Stats

File Path                 PID    Runtime      # DAGs    # Errors  Last Runtime    Last Run
------------------------  -----  ---------  --------  ----------  --------------  -------------------
/opt/airflow/dags/ETL.py                           1           0  0.57s           2023-04-29T21:37:46
================================================================================
[2023-04-29T21:38:36.197+0000] {manager.py:851} INFO - 
================================================================================
DAG File Processing Stats

File Path                 PID    Runtime      # DAGs    # Errors  Last Runtime    Last Run
------------------------  -----  ---------  --------  ----------  --------------  -------------------
/opt/airflow/dags/ETL.py                           1           0  0.58s           2023-04-29T21:38:17
================================================================================
[2023-04-29T21:39:06.362+0000] {manager.py:851} INFO - 
================================================================================
DAG File Processing Stats

File Path                 PID    Runtime      # DAGs    # Errors  Last Runtime    Last Run
------------------------  -----  ---------  --------  ----------  --------------  -------------------
/opt/airflow/dags/ETL.py                           1           0  0.61s           2023-04-29T21:38:48
================================================================================
[2023-04-29T21:39:36.664+0000] {manager.py:851} INFO - 
================================================================================
DAG File Processing Stats

File Path                 PID    Runtime      # DAGs    # Errors  Last Runtime    Last Run
------------------------  -----  ---------  --------  ----------  --------------  -------------------
/opt/airflow/dags/ETL.py                           1           0  0.61s           2023-04-29T21:39:19
================================================================================
[2023-04-29T21:39:58.789+0000] {manager.py:726} INFO - Searching for files in /opt/airflow/dags
[2023-04-29T21:39:58.807+0000] {manager.py:729} INFO - There are 1 files in /opt/airflow/dags
[2023-04-29T21:40:06.875+0000] {manager.py:851} INFO - 
================================================================================
DAG File Processing Stats

File Path                 PID    Runtime      # DAGs    # Errors  Last Runtime    Last Run
------------------------  -----  ---------  --------  ----------  --------------  -------------------
/opt/airflow/dags/ETL.py                           1           0  0.61s           2023-04-29T21:39:49
================================================================================
[2023-04-29T21:40:37.067+0000] {manager.py:851} INFO - 
================================================================================
DAG File Processing Stats

File Path                 PID    Runtime      # DAGs    # Errors  Last Runtime    Last Run
------------------------  -----  ---------  --------  ----------  --------------  -------------------
/opt/airflow/dags/ETL.py                           1           0  0.64s           2023-04-29T21:40:20
================================================================================
[2023-04-29T21:41:07.231+0000] {manager.py:851} INFO - 
================================================================================
DAG File Processing Stats

File Path                 PID    Runtime      # DAGs    # Errors  Last Runtime    Last Run
------------------------  -----  ---------  --------  ----------  --------------  -------------------
/opt/airflow/dags/ETL.py                           1           0  0.60s           2023-04-29T21:40:51
================================================================================
[2023-04-29T21:41:37.298+0000] {manager.py:851} INFO - 
================================================================================
DAG File Processing Stats

File Path                 PID    Runtime      # DAGs    # Errors  Last Runtime    Last Run
------------------------  -----  ---------  --------  ----------  --------------  -------------------
/opt/airflow/dags/ETL.py                           1           0  0.67s           2023-04-29T21:41:22
================================================================================
[2023-04-29T21:42:07.766+0000] {manager.py:851} INFO - 
================================================================================
DAG File Processing Stats

File Path                 PID    Runtime      # DAGs    # Errors  Last Runtime    Last Run
------------------------  -----  ---------  --------  ----------  --------------  -------------------
/opt/airflow/dags/ETL.py                           1           0  0.58s           2023-04-29T21:41:52
================================================================================
[2023-04-29T21:42:37.795+0000] {manager.py:851} INFO - 
================================================================================
DAG File Processing Stats

File Path                 PID    Runtime      # DAGs    # Errors  Last Runtime    Last Run
------------------------  -----  ---------  --------  ----------  --------------  -------------------
/opt/airflow/dags/ETL.py                           1           0  0.60s           2023-04-29T21:42:23
================================================================================
[2023-04-29T21:43:08.383+0000] {manager.py:851} INFO - 
================================================================================
DAG File Processing Stats

File Path                 PID    Runtime      # DAGs    # Errors  Last Runtime    Last Run
------------------------  -----  ---------  --------  ----------  --------------  -------------------
/opt/airflow/dags/ETL.py                           1           0  0.59s           2023-04-29T21:42:54
================================================================================
[2023-04-29T21:43:38.708+0000] {manager.py:851} INFO - 
================================================================================
DAG File Processing Stats

File Path                 PID    Runtime      # DAGs    # Errors  Last Runtime    Last Run
------------------------  -----  ---------  --------  ----------  --------------  -------------------
/opt/airflow/dags/ETL.py                           1           0  0.61s           2023-04-29T21:43:25
================================================================================
[2023-04-29T21:44:08.880+0000] {manager.py:851} INFO - 
================================================================================
DAG File Processing Stats

File Path                 PID    Runtime      # DAGs    # Errors  Last Runtime    Last Run
------------------------  -----  ---------  --------  ----------  --------------  -------------------
/opt/airflow/dags/ETL.py                           1           0  0.65s           2023-04-29T21:43:55
================================================================================
